DrawableTinting/build/outputs/logs/manifest-merger-debug-report.txt
-- Merging decision tree log ---
manifest
ADDED from src\main\AndroidManifest.xml:18:1-40:12
	package
		ADDED from src\main\AndroidManifest.xml:19:5-50
	android:versionName
		ADDED from src\main\AndroidManifest.xml:21:5-30
		INJECTED from src\main\AndroidManifest.xml
		INJECTED from src\main\AndroidManifest.xml
	android:versionCode
		ADDED from src\main\AndroidManifest.xml:20:5-28
		INJECTED from src\main\AndroidManifest.xml
		INJECTED from src\main\AndroidManifest.xml
	xmlns:android
		ADDED from src\main\AndroidManifest.xml:18:11-69
application
ADDED from src\main\AndroidManifest.xml:25:5-37:19
MERGED from [com.android.support:support-v4:21.0.2] AndroidManifest.xml:16:5-19
MERGED from [com.android.support:support-v13:21.0.2] AndroidManifest.xml:16:5-19
MERGED from [com.android.support:support-v4:21.0.2] AndroidManifest.xml:16:5-19
MERGED from [com.android.support:cardview-v7:21.0.2] AndroidManifest.xml:16:5-19
	android:label
		ADDED from src\main\AndroidManifest.xml:26:9-41
	android:allowBackup
		ADDED from src\main\AndroidManifest.xml:25:18-44
	android:icon
		ADDED from src\main\AndroidManifest.xml:27:9-45
	android:theme
		ADDED from src\main\AndroidManifest.xml:28:9-40
activity#com.example.android.drawabletinting.MainActivity
ADDED from src\main\AndroidManifest.xml:30:9-36:20
	android:label
		ADDED from src\main\AndroidManifest.xml:31:19-51
	android:name
		ADDED from src\main\AndroidManifest.xml:30:19-47
intent-filter#android.intent.action.MAIN+android.intent.category.LAUNCHER
ADDED from src\main\AndroidManifest.xml:32:13-35:29
action#android.intent.action.MAIN
ADDED from src\main\AndroidManifest.xml:33:17-69
	android:name
		ADDED from src\main\AndroidManifest.xml:33:25-66
category#android.intent.category.LAUNCHER
ADDED from src\main\AndroidManifest.xml:34:17-77
	android:name
		ADDED from src\main\AndroidManifest.xml:34:27-74
uses-sdk
INJECTED from src\main\AndroidManifest.xml reason: use-sdk injection requested
MERGED from [com.android.support:support-v4:21.0.2] AndroidManifest.xml:15:5-42
MERGED from [com.android.support:support-v13:21.0.2] AndroidManifest.xml:15:5-43
MERGED from [com.android.support:support-v4:21.0.2] AndroidManifest.xml:15:5-42
MERGED from [com.android.support:cardview-v7:21.0.2] AndroidManifest.xml:15:5-42
	android:targetSdkVersion
		INJECTED from src\main\AndroidManifest.xml
		INJECTED from src\main\AndroidManifest.xml
	android:minSdkVersion
		INJECTED from src\main\AndroidManifest.xml
		INJECTED from src\main\AndroidManifest.xml